This is pdfTeX, Version 3.1415926-2.5-1.40.14 (TeX Live 2013) (format=pdflatex 2013.5.30)  22 NOV 2013 12:50
entering extended mode
 restricted \write18 enabled.
 %&-line parsing enabled.
**HW10_submission.tex -recorder
(./HW10_submission.tex
LaTeX2e <2011/06/27>
Babel <3.9f> and hyphenation patterns for 78 languages loaded.
(/usr/local/texlive/2013/texmf-dist/tex/latex/base/article.cls
Document Class: article 2007/10/19 v1.4h Standard LaTeX document class
(/usr/local/texlive/2013/texmf-dist/tex/latex/base/size11.clo
File: size11.clo 2007/10/19 v1.4h Standard LaTeX file (size option)
)
\c@part=\count79
\c@section=\count80
\c@subsection=\count81
\c@subsubsection=\count82
\c@paragraph=\count83
\c@subparagraph=\count84
\c@figure=\count85
\c@table=\count86
\abovecaptionskip=\skip41
\belowcaptionskip=\skip42
\bibindent=\dimen102
)
(/usr/local/texlive/2013/texmf-dist/tex/latex/amsmath/amsmath.sty
Package: amsmath 2013/01/14 v2.14 AMS math features
\@mathmargin=\skip43

For additional information on amsmath, use the `?' option.
(/usr/local/texlive/2013/texmf-dist/tex/latex/amsmath/amstext.sty
Package: amstext 2000/06/29 v2.01

(/usr/local/texlive/2013/texmf-dist/tex/latex/amsmath/amsgen.sty
File: amsgen.sty 1999/11/30 v2.0
\@emptytoks=\toks14
\ex@=\dimen103
))
(/usr/local/texlive/2013/texmf-dist/tex/latex/amsmath/amsbsy.sty
Package: amsbsy 1999/11/29 v1.2d
\pmbraise@=\dimen104
)
(/usr/local/texlive/2013/texmf-dist/tex/latex/amsmath/amsopn.sty
Package: amsopn 1999/12/14 v2.01 operator names
)
\inf@bad=\count87
LaTeX Info: Redefining \frac on input line 210.
\uproot@=\count88
\leftroot@=\count89
LaTeX Info: Redefining \overline on input line 306.
\classnum@=\count90
\DOTSCASE@=\count91
LaTeX Info: Redefining \ldots on input line 378.
LaTeX Info: Redefining \dots on input line 381.
LaTeX Info: Redefining \cdots on input line 466.
\Mathstrutbox@=\box26
\strutbox@=\box27
\big@size=\dimen105
LaTeX Font Info:    Redeclaring font encoding OML on input line 566.
LaTeX Font Info:    Redeclaring font encoding OMS on input line 567.
\macc@depth=\count92
\c@MaxMatrixCols=\count93
\dotsspace@=\muskip10
\c@parentequation=\count94
\dspbrk@lvl=\count95
\tag@help=\toks15
\row@=\count96
\column@=\count97
\maxfields@=\count98
\andhelp@=\toks16
\eqnshift@=\dimen106
\alignsep@=\dimen107
\tagshift@=\dimen108
\tagwidth@=\dimen109
\totwidth@=\dimen110
\lineht@=\dimen111
\@envbody=\toks17
\multlinegap=\skip44
\multlinetaggap=\skip45
\mathdisplay@stack=\toks18
LaTeX Info: Redefining \[ on input line 2665.
LaTeX Info: Redefining \] on input line 2666.
)
(/usr/local/texlive/2013/texmf-dist/tex/latex/base/inputenc.sty
Package: inputenc 2008/03/30 v1.1d Input encoding file
\inpenc@prehook=\toks19
\inpenc@posthook=\toks20

(/usr/local/texlive/2013/texmf-dist/tex/latex/base/latin1.def
File: latin1.def 2008/03/30 v1.1d Input encoding file
))
(/usr/local/texlive/2013/texmf-dist/tex/latex/amscls/amsthm.sty
Package: amsthm 2004/08/06 v2.20
\thm@style=\toks21
\thm@bodyfont=\toks22
\thm@headfont=\toks23
\thm@notefont=\toks24
\thm@headpunct=\toks25
\thm@preskip=\skip46
\thm@postskip=\skip47
\thm@headsep=\skip48
\dth@everypar=\toks26
)
(./HW10_submission.aux)
\openout1 = `HW10_submission.aux'.

LaTeX Font Info:    Checking defaults for OML/cmm/m/it on input line 7.
LaTeX Font Info:    ... okay on input line 7.
LaTeX Font Info:    Checking defaults for T1/cmr/m/n on input line 7.
LaTeX Font Info:    ... okay on input line 7.
LaTeX Font Info:    Checking defaults for OT1/cmr/m/n on input line 7.
LaTeX Font Info:    ... okay on input line 7.
LaTeX Font Info:    Checking defaults for OMS/cmsy/m/n on input line 7.
LaTeX Font Info:    ... okay on input line 7.
LaTeX Font Info:    Checking defaults for OMX/cmex/m/n on input line 7.
LaTeX Font Info:    ... okay on input line 7.
LaTeX Font Info:    Checking defaults for U/cmr/m/n on input line 7.
LaTeX Font Info:    ... okay on input line 7.
 [1

{/usr/local/texlive/2013/texmf-var/fonts/map/pdftex/updmap/pdftex.map}]
Overfull \hbox (27.06969pt too wide) detected at line 66
\OML/cmm/m/it/10.95 Var\OT1/cmr/m/n/10.95 (\OML/cmm/m/it/10.95 T\OT1/cmr/m/n/10
.95 ) = \OML/cmm/m/it/10.95 Var\OT1/cmr/m/n/10.95 (\OML/cmm/m/it/10.95 E\OT1/cm
r/m/n/10.95 (\OML/cmm/m/it/10.95 T\OMS/cmsy/m/n/10.95 j\OML/cmm/m/it/10.95 N\OT
1/cmr/m/n/10.95 )) + \OML/cmm/m/it/10.95 E\OT1/cmr/m/n/10.95 (\OML/cmm/m/it/10.
95 Var\OT1/cmr/m/n/10.95 (\OML/cmm/m/it/10.95 T\OMS/cmsy/m/n/10.95 j\OML/cmm/m/
it/10.95 N\OT1/cmr/m/n/10.95 )) = \OML/cmm/m/it/10.95 Var\OT1/cmr/m/n/10.95 (\O
ML/cmm/m/it/10.95 N \OMS/cmsy/m/n/10.95 ^^C \OML/cmm/m/it/10.95 E\OT1/cmr/m/n/1
0.95 (\OML/cmm/m/it/10.95 D\OT1/cmr/m/n/10.95 )) + \OML/cmm/m/it/10.95 E\OT1/cm
r/m/n/10.95 (\OML/cmm/m/it/10.95 N\OT1/cmr/m/n/10.95 ) \OMS/cmsy/m/n/10.95 ^^C 
\OT1/cmr/m/n/10.95 (\OML/cmm/m/it/10.95 e[] \OMS/cmsy/m/n/10.95 ^^@ \OT1/cmr/m/
n/10.95 1)\OML/cmm/m/it/10.95 e[]
 []

[2]
Overfull \hbox (48.16464pt too wide) in paragraph at lines 93--94
[]\OT1/cmr/m/n/10.95 For the vari-ance, we know that $\OML/cmm/m/it/10.95 Var\O
T1/cmr/m/n/10.95 ([]\OMS/cmsy/m/n/10.95 j\OML/cmm/m/it/10.95 X[]; [] ; X[]\OT1/
cmr/m/n/10.95 ) = \OML/cmm/m/it/10.95 Var\OT1/cmr/m/n/10.95 ([]^^F[]\OML/cmm/m/
it/10.95 X[]\OMS/cmsy/m/n/10.95 j\OML/cmm/m/it/10.95 X[]; [] ; X[]\OT1/cmr/m/n/
10.95 )$.
 []

[3] [4] [5] [6] (./HW10_submission.aux) ) 
Here is how much of TeX's memory you used:
 942 strings out of 493315
 10978 string characters out of 6137904
 70439 words of memory out of 5000000
 4443 multiletter control sequences out of 15000+600000
 7658 words of font info for 28 fonts, out of 8000000 for 9000
 957 hyphenation exceptions out of 8191
 27i,9n,20p,821b,115s stack positions out of 5000i,500n,10000p,200000b,80000s
</usr/local/texlive/2013/texmf-dist/fo
nts/type1/public/amsfonts/cm/cmbx12.pfb></usr/local/texlive/2013/texmf-dist/fon
ts/type1/public/amsfonts/cm/cmex10.pfb></usr/local/texlive/2013/texmf-dist/font
s/type1/public/amsfonts/cm/cmmi10.pfb></usr/local/texlive/2013/texmf-dist/fonts
/type1/public/amsfonts/cm/cmmi6.pfb></usr/local/texlive/2013/texmf-dist/fonts/t
ype1/public/amsfonts/cm/cmmi8.pfb></usr/local/texlive/2013/texmf-dist/fonts/typ
e1/public/amsfonts/cm/cmr10.pfb></usr/local/texlive/2013/texmf-dist/fonts/type1
/public/amsfonts/cm/cmr6.pfb></usr/local/texlive/2013/texmf-dist/fonts/type1/pu
blic/amsfonts/cm/cmr8.pfb></usr/local/texlive/2013/texmf-dist/fonts/type1/publi
c/amsfonts/cm/cmsy10.pfb></usr/local/texlive/2013/texmf-dist/fonts/type1/public
/amsfonts/cm/cmsy6.pfb></usr/local/texlive/2013/texmf-dist/fonts/type1/public/a
msfonts/cm/cmsy8.pfb>
Output written on HW10_submission.pdf (6 pages, 131465 bytes).
PDF statistics:
 67 PDF objects out of 1000 (max. 8388607)
 47 compressed objects within 1 object stream
 0 named destinations out of 1000 (max. 500000)
 1 words of extra memory for PDF output out of 10000 (max. 10000000)

